<?xml version="1.0" encoding="UTF-8"?>
<testsuite xmlns:xsi="http://www.w3.org/2001/XMLSchema-instance" xsi:noNamespaceSchemaLocation="https://maven.apache.org/surefire/maven-surefire-plugin/xsd/surefire-test-report-3.0.xsd" version="3.0" name="com.library.cucumberOptions.TestRunner" time="5.242" tests="5" errors="0" skipped="0" failures="0">
  <properties>
[...]
</properties>
  <testcase name="runScenario[&quot;verify user is able to add a single book&quot;, &quot;Test case regarding add Book&quot;](1)" classname="com.library.cucumberOptions.TestRunner" time="2.107">
    <system-out><![CDATA[Request method:	POST
Request URI:	http://216.10.245.166/Library/Addbook.php
Proxy:			<none>
Request params:	<none>
Query params:	<none>
Form params:	<none>
Path params:	<none>
Headers:		Accept=*/*
				Content-Type=application/json
Cookies:		<none>
Multiparts:		<none>
Body:
{
    "name": "The Glory and the Dream",
    "isbn": "client15052025072147",
    "aisle": "62154",
    "author": "Rosalie McGlynn"
}
HTTP/1.1 200 OK
Date: Thu, 15 May 2025 01:51:49 GMT
Server: Apache
Access-Control-Allow-Origin: *
Access-Control-Allow-Methods: POST
Access-Control-Max-Age: 3600
Access-Control-Allow-Headers: Content-Type, Access-Control-Allow-Headers, Authorization, X-Requested-With
Keep-Alive: timeout=5, max=100
Connection: Keep-Alive
Transfer-Encoding: chunked
Content-Type: application/json;charset=UTF-8

{
    "Msg": "successfully added",
    "ID": "client1505202507214762154"
}
HTTP/1.1 200 OK
Date: Thu, 15 May 2025 01:51:49 GMT
Server: Apache
Access-Control-Allow-Origin: *
Access-Control-Allow-Methods: POST
Access-Control-Max-Age: 3600
Access-Control-Allow-Headers: Content-Type, Access-Control-Allow-Headers, Authorization, X-Requested-With
Keep-Alive: timeout=5, max=100
Connection: Keep-Alive
Transfer-Encoding: chunked
Content-Type: application/json;charset=UTF-8

{
    "Msg": "successfully added",
    "ID": "client1505202507214762154"
}
]]></system-out>
    <system-err><![CDATA[SLF4J: Failed to load class "org.slf4j.impl.StaticLoggerBinder".
SLF4J: Defaulting to no-operation (NOP) logger implementation
SLF4J: See http://www.slf4j.org/codes.html#StaticLoggerBinder for further details.
]]></system-err>
  </testcase>
  <testcase name="runScenario[&quot;Verify Book Addition using Data Parametrisation&quot;, &quot;Test case regarding add Book&quot;](2)" classname="com.library.cucumberOptions.TestRunner" time="0.155">
    <system-out><![CDATA[Request method:	POST
Request URI:	http://216.10.245.166/Library/Addbook.php
Proxy:			<none>
Request params:	<none>
Query params:	<none>
Form params:	<none>
Path params:	<none>
Headers:		Accept=*/*
				Content-Type=application/json
Cookies:		<none>
Multiparts:		<none>
Body:
{
    "name": "Rest Assured Solutions",
    "isbn": "surumi",
    "aisle": "1234075378",
    "author": "Sam"
}
HTTP/1.1 200 OK
Date: Thu, 15 May 2025 01:51:50 GMT
Server: Apache
Access-Control-Allow-Origin: *
Access-Control-Allow-Methods: POST
Access-Control-Max-Age: 3600
Access-Control-Allow-Headers: Content-Type, Access-Control-Allow-Headers, Authorization, X-Requested-With
Keep-Alive: timeout=5, max=100
Connection: Keep-Alive
Transfer-Encoding: chunked
Content-Type: application/json;charset=UTF-8

{
    "Msg": "successfully added",
    "ID": "surumi1234075378"
}
HTTP/1.1 200 OK
Date: Thu, 15 May 2025 01:51:50 GMT
Server: Apache
Access-Control-Allow-Origin: *
Access-Control-Allow-Methods: POST
Access-Control-Max-Age: 3600
Access-Control-Allow-Headers: Content-Type, Access-Control-Allow-Headers, Authorization, X-Requested-With
Keep-Alive: timeout=5, max=100
Connection: Keep-Alive
Transfer-Encoding: chunked
Content-Type: application/json;charset=UTF-8

{
    "Msg": "successfully added",
    "ID": "surumi1234075378"
}
]]></system-out>
  </testcase>
  <testcase name="runScenario[&quot;Verify Book Addition using Data Parametrisation&quot;, &quot;Test case regarding add Book&quot;](3)" classname="com.library.cucumberOptions.TestRunner" time="0.15">
    <system-out><![CDATA[Request method:	POST
Request URI:	http://216.10.245.166/Library/Addbook.php
Proxy:			<none>
Request params:	<none>
Query params:	<none>
Form params:	<none>
Path params:	<none>
Headers:		Accept=*/*
				Content-Type=application/json
Cookies:		<none>
Multiparts:		<none>
Body:
{
    "name": "Appium Solutions",
    "isbn": "shabana",
    "aisle": "0098071928",
    "author": "Ingrid"
}
HTTP/1.1 200 OK
Date: Thu, 15 May 2025 01:51:50 GMT
Server: Apache
Access-Control-Allow-Origin: *
Access-Control-Allow-Methods: POST
Access-Control-Max-Age: 3600
Access-Control-Allow-Headers: Content-Type, Access-Control-Allow-Headers, Authorization, X-Requested-With
Keep-Alive: timeout=5, max=100
Connection: Keep-Alive
Transfer-Encoding: chunked
Content-Type: application/json;charset=UTF-8

{
    "Msg": "successfully added",
    "ID": "shabana0098071928"
}
HTTP/1.1 200 OK
Date: Thu, 15 May 2025 01:51:50 GMT
Server: Apache
Access-Control-Allow-Origin: *
Access-Control-Allow-Methods: POST
Access-Control-Max-Age: 3600
Access-Control-Allow-Headers: Content-Type, Access-Control-Allow-Headers, Authorization, X-Requested-With
Keep-Alive: timeout=5, max=100
Connection: Keep-Alive
Transfer-Encoding: chunked
Content-Type: application/json;charset=UTF-8

{
    "Msg": "successfully added",
    "ID": "shabana0098071928"
}
]]></system-out>
  </testcase>
  <testcase name="runScenario[&quot;Verify Book Addition using Data Parametrisation&quot;, &quot;Test case regarding add Book&quot;](4)" classname="com.library.cucumberOptions.TestRunner" time="0.15">
    <system-out><![CDATA[Request method:	POST
Request URI:	http://216.10.245.166/Library/Addbook.php
Proxy:			<none>
Request params:	<none>
Query params:	<none>
Form params:	<none>
Path params:	<none>
Headers:		Accept=*/*
				Content-Type=application/json
Cookies:		<none>
Multiparts:		<none>
Body:
{
    "name": "Tosca Challenges",
    "isbn": "tosca",
    "aisle": "00000045522",
    "author": "Pooja"
}
HTTP/1.1 200 OK
Date: Thu, 15 May 2025 01:51:50 GMT
Server: Apache
Access-Control-Allow-Origin: *
Access-Control-Allow-Methods: POST
Access-Control-Max-Age: 3600
Access-Control-Allow-Headers: Content-Type, Access-Control-Allow-Headers, Authorization, X-Requested-With
Keep-Alive: timeout=5, max=100
Connection: Keep-Alive
Transfer-Encoding: chunked
Content-Type: application/json;charset=UTF-8

{
    "Msg": "successfully added",
    "ID": "tosca00000045522"
}
HTTP/1.1 200 OK
Date: Thu, 15 May 2025 01:51:50 GMT
Server: Apache
Access-Control-Allow-Origin: *
Access-Control-Allow-Methods: POST
Access-Control-Max-Age: 3600
Access-Control-Allow-Headers: Content-Type, Access-Control-Allow-Headers, Authorization, X-Requested-With
Keep-Alive: timeout=5, max=100
Connection: Keep-Alive
Transfer-Encoding: chunked
Content-Type: application/json;charset=UTF-8

{
    "Msg": "successfully added",
    "ID": "tosca00000045522"
}
]]></system-out>
  </testcase>
  <testcase name="runScenario[&quot;Verify user is able to retrive book using ID&quot;, &quot;Verify Get Book&quot;](5)" classname="com.library.cucumberOptions.TestRunner" time="0.347">
    <system-out><![CDATA[Request method:	POST
Request URI:	http://216.10.245.166/Library/Addbook.php
Proxy:			<none>
Request params:	<none>
Query params:	<none>
Form params:	<none>
Path params:	<none>
Headers:		Accept=*/*
				Content-Type=application/json
Cookies:		<none>
Multiparts:		<none>
Body:
{
    "name": "Things Fall Apart",
    "isbn": "client15052025072150",
    "aisle": "20148",
    "author": "Miss Randolph Kessler"
}
HTTP/1.1 200 OK
Date: Thu, 15 May 2025 01:51:51 GMT
Server: Apache
Access-Control-Allow-Origin: *
Access-Control-Allow-Methods: POST
Access-Control-Max-Age: 3600
Access-Control-Allow-Headers: Content-Type, Access-Control-Allow-Headers, Authorization, X-Requested-With
Keep-Alive: timeout=5, max=100
Connection: Keep-Alive
Transfer-Encoding: chunked
Content-Type: application/json;charset=UTF-8

[
    {
        "book_name": "Things Fall Apart",
        "isbn": "client15052025072150",
        "aisle": "20148",
        "author": "Miss Randolph Kessler"
    }
]
HTTP/1.1 200 OK
Date: Thu, 15 May 2025 01:51:51 GMT
Server: Apache
Access-Control-Allow-Origin: *
Access-Control-Allow-Methods: POST
Access-Control-Max-Age: 3600
Access-Control-Allow-Headers: Content-Type, Access-Control-Allow-Headers, Authorization, X-Requested-With
Keep-Alive: timeout=5, max=100
Connection: Keep-Alive
Transfer-Encoding: chunked
Content-Type: application/json;charset=UTF-8

[
    {
        "book_name": "Things Fall Apart",
        "isbn": "client15052025072150",
        "aisle": "20148",
        "author": "Miss Randolph Kessler"
    }
]
]]></system-out>
  </testcase>
</testsuite>