<?xml version="1.0" encoding="UTF-8"?>
<testng-results ignored="0" total="5" passed="5" failed="0" skipped="0">
  <reporter-output>
  </reporter-output>
  <suite started-at="2025-05-15T07:21:46 IST" name="Surefire suite" finished-at="2025-05-15T07:21:51 IST" duration-ms="4845">
    <groups>
      <group name="cucumber">
        <method signature="AbstractTestNGCucumberTests.runScenario(io.cucumber.testng.PickleWrapper,io.cucumber.testng.FeatureWrapper)[pri:0, instance:com.library.cucumberOptions.TestRunner@6a400542]" name="runScenario" class="io.cucumber.testng.AbstractTestNGCucumberTests"/>
      </group> <!-- cucumber -->
    </groups>
    <test started-at="2025-05-15T07:21:46 IST" name="Surefire test" finished-at="2025-05-15T07:21:51 IST" duration-ms="4845">
      <class name="com.library.cucumberOptions.TestRunner">
        <test-method is-config="true" signature="setUpClass(org.testng.ITestContext)[pri:0, instance:com.library.cucumberOptions.TestRunner@6a400542]" started-at="2025-05-15T07:21:46 IST" name="setUpClass" finished-at="2025-05-15T07:21:47 IST" duration-ms="570" status="PASS">
          <params>
            <param index="0">
              <value>
                <![CDATA[org.testng.TestRunner@758e8b8d]]>
              </value>
            </param>
          </params>
          <reporter-output>
          </reporter-output>
        </test-method> <!-- setUpClass -->
        <test-method signature="runScenario(io.cucumber.testng.PickleWrapper,io.cucumber.testng.FeatureWrapper)[pri:0, instance:com.library.cucumberOptions.TestRunner@6a400542]" started-at="2025-05-15T07:21:47 IST" name="runScenario" description="Runs Cucumber Scenarios" data-provider="scenarios" finished-at="2025-05-15T07:21:49 IST" duration-ms="2106" status="PASS">
          <params>
            <param index="0">
              <value>
                <![CDATA["verify user is able to add a single book"]]>
              </value>
            </param>
            <param index="1">
              <value>
                <![CDATA["Test case regarding add Book"]]>
              </value>
            </param>
          </params>
          <reporter-output>
          </reporter-output>
        </test-method> <!-- runScenario -->
        <test-method signature="runScenario(io.cucumber.testng.PickleWrapper,io.cucumber.testng.FeatureWrapper)[pri:0, instance:com.library.cucumberOptions.TestRunner@6a400542]" started-at="2025-05-15T07:21:49 IST" name="runScenario" description="Runs Cucumber Scenarios" data-provider="scenarios" finished-at="2025-05-15T07:21:49 IST" duration-ms="155" status="PASS">
          <params>
            <param index="0">
              <value>
                <![CDATA["Verify Book Addition using Data Parametrisation"]]>
              </value>
            </param>
            <param index="1">
              <value>
                <![CDATA["Test case regarding add Book"]]>
              </value>
            </param>
          </params>
          <reporter-output>
          </reporter-output>
        </test-method> <!-- runScenario -->
        <test-method signature="runScenario(io.cucumber.testng.PickleWrapper,io.cucumber.testng.FeatureWrapper)[pri:0, instance:com.library.cucumberOptions.TestRunner@6a400542]" started-at="2025-05-15T07:21:49 IST" name="runScenario" description="Runs Cucumber Scenarios" data-provider="scenarios" finished-at="2025-05-15T07:21:49 IST" duration-ms="149" status="PASS">
          <params>
            <param index="0">
              <value>
                <![CDATA["Verify Book Addition using Data Parametrisation"]]>
              </value>
            </param>
            <param index="1">
              <value>
                <![CDATA["Test case regarding add Book"]]>
              </value>
            </param>
          </params>
          <reporter-output>
          </reporter-output>
        </test-method> <!-- runScenario -->
        <test-method signature="runScenario(io.cucumber.testng.PickleWrapper,io.cucumber.testng.FeatureWrapper)[pri:0, instance:com.library.cucumberOptions.TestRunner@6a400542]" started-at="2025-05-15T07:21:49 IST" name="runScenario" description="Runs Cucumber Scenarios" data-provider="scenarios" finished-at="2025-05-15T07:21:50 IST" duration-ms="151" status="PASS">
          <params>
            <param index="0">
              <value>
                <![CDATA["Verify Book Addition using Data Parametrisation"]]>
              </value>
            </param>
            <param index="1">
              <value>
                <![CDATA["Test case regarding add Book"]]>
              </value>
            </param>
          </params>
          <reporter-output>
          </reporter-output>
        </test-method> <!-- runScenario -->
        <test-method signature="runScenario(io.cucumber.testng.PickleWrapper,io.cucumber.testng.FeatureWrapper)[pri:0, instance:com.library.cucumberOptions.TestRunner@6a400542]" started-at="2025-05-15T07:21:50 IST" name="runScenario" description="Runs Cucumber Scenarios" data-provider="scenarios" finished-at="2025-05-15T07:21:50 IST" duration-ms="347" status="PASS">
          <params>
            <param index="0">
              <value>
                <![CDATA["Verify user is able to retrive book using ID"]]>
              </value>
            </param>
            <param index="1">
              <value>
                <![CDATA["Verify Get Book"]]>
              </value>
            </param>
          </params>
          <reporter-output>
          </reporter-output>
        </test-method> <!-- runScenario -->
        <test-method is-config="true" signature="tearDownClass()[pri:0, instance:com.library.cucumberOptions.TestRunner@6a400542]" started-at="2025-05-15T07:21:50 IST" name="tearDownClass" finished-at="2025-05-15T07:21:51 IST" duration-ms="1331" status="PASS">
          <reporter-output>
          </reporter-output>
        </test-method> <!-- tearDownClass -->
      </class> <!-- com.library.cucumberOptions.TestRunner -->
    </test> <!-- Surefire test -->
  </suite> <!-- Surefire suite -->
</testng-results>
