<?xml version="1.0" encoding="UTF-8"?>
<testng-results ignored="0" total="4" passed="4" failed="0" skipped="0">
  <reporter-output>
  </reporter-output>
  <suite started-at="2025-05-14T07:42:50 IST" name="Default suite" finished-at="2025-05-14T07:43:13 IST" duration-ms="22427">
    <groups>
      <group name="cucumber">
        <method signature="AbstractTestNGCucumberTests.runScenario(io.cucumber.testng.PickleWrapper,io.cucumber.testng.FeatureWrapper)[pri:0, instance:com.library.cucumberOptions.TestRunner@fa4c865]" name="runScenario" class="io.cucumber.testng.AbstractTestNGCucumberTests"/>
      </group> <!-- cucumber -->
    </groups>
    <test started-at="2025-05-14T07:42:50 IST" name="Default test" finished-at="2025-05-14T07:43:13 IST" duration-ms="22427">
      <class name="com.library.cucumberOptions.TestRunner">
        <test-method is-config="true" signature="setUpClass(org.testng.ITestContext)[pri:0, instance:com.library.cucumberOptions.TestRunner@fa4c865]" started-at="2025-05-14T07:42:50 IST" name="setUpClass" finished-at="2025-05-14T07:42:54 IST" duration-ms="3330" status="PASS">
          <params>
            <param index="0">
              <value>
                <![CDATA[org.testng.TestRunner@5a35efac]]>
              </value>
            </param>
          </params>
          <reporter-output>
          </reporter-output>
        </test-method> <!-- setUpClass -->
        <test-method signature="runScenario(io.cucumber.testng.PickleWrapper,io.cucumber.testng.FeatureWrapper)[pri:0, instance:com.library.cucumberOptions.TestRunner@fa4c865]" started-at="2025-05-14T07:42:54 IST" name="runScenario" description="Runs Cucumber Scenarios" data-provider="scenarios" finished-at="2025-05-14T07:43:03 IST" duration-ms="9251" status="PASS">
          <params>
            <param index="0">
              <value>
                <![CDATA["verify user is able to add a single book"]]>
              </value>
            </param>
            <param index="1">
              <value>
                <![CDATA["Test case regarding add Book"]]>
              </value>
            </param>
          </params>
          <reporter-output>
          </reporter-output>
        </test-method> <!-- runScenario -->
        <test-method signature="runScenario(io.cucumber.testng.PickleWrapper,io.cucumber.testng.FeatureWrapper)[pri:0, instance:com.library.cucumberOptions.TestRunner@fa4c865]" started-at="2025-05-14T07:43:03 IST" name="runScenario" description="Runs Cucumber Scenarios" data-provider="scenarios" finished-at="2025-05-14T07:43:03 IST" duration-ms="380" status="PASS">
          <params>
            <param index="0">
              <value>
                <![CDATA["Verify Book Addition using Data Parametrisation"]]>
              </value>
            </param>
            <param index="1">
              <value>
                <![CDATA["Test case regarding add Book"]]>
              </value>
            </param>
          </params>
          <reporter-output>
          </reporter-output>
        </test-method> <!-- runScenario -->
        <test-method signature="runScenario(io.cucumber.testng.PickleWrapper,io.cucumber.testng.FeatureWrapper)[pri:0, instance:com.library.cucumberOptions.TestRunner@fa4c865]" started-at="2025-05-14T07:43:03 IST" name="runScenario" description="Runs Cucumber Scenarios" data-provider="scenarios" finished-at="2025-05-14T07:43:04 IST" duration-ms="351" status="PASS">
          <params>
            <param index="0">
              <value>
                <![CDATA["Verify Book Addition using Data Parametrisation"]]>
              </value>
            </param>
            <param index="1">
              <value>
                <![CDATA["Test case regarding add Book"]]>
              </value>
            </param>
          </params>
          <reporter-output>
          </reporter-output>
        </test-method> <!-- runScenario -->
        <test-method signature="runScenario(io.cucumber.testng.PickleWrapper,io.cucumber.testng.FeatureWrapper)[pri:0, instance:com.library.cucumberOptions.TestRunner@fa4c865]" started-at="2025-05-14T07:43:04 IST" name="runScenario" description="Runs Cucumber Scenarios" data-provider="scenarios" finished-at="2025-05-14T07:43:04 IST" duration-ms="412" status="PASS">
          <params>
            <param index="0">
              <value>
                <![CDATA["Verify Book Addition using Data Parametrisation"]]>
              </value>
            </param>
            <param index="1">
              <value>
                <![CDATA["Test case regarding add Book"]]>
              </value>
            </param>
          </params>
          <reporter-output>
          </reporter-output>
        </test-method> <!-- runScenario -->
        <test-method is-config="true" signature="tearDownClass()[pri:0, instance:com.library.cucumberOptions.TestRunner@fa4c865]" started-at="2025-05-14T07:43:04 IST" name="tearDownClass" finished-at="2025-05-14T07:43:13 IST" duration-ms="8412" status="PASS">
          <reporter-output>
          </reporter-output>
        </test-method> <!-- tearDownClass -->
      </class> <!-- com.library.cucumberOptions.TestRunner -->
    </test> <!-- Default test -->
  </suite> <!-- Default suite -->
</testng-results>
