<?xml version="1.0" encoding="UTF-8"?>
<testng-results ignored="0" total="5" passed="5" failed="0" skipped="0">
  <reporter-output>
  </reporter-output>
  <suite started-at="2025-05-15T07:48:16 IST" name="Default suite" finished-at="2025-05-15T07:48:21 IST" duration-ms="4943">
    <groups>
      <group name="cucumber">
        <method signature="AbstractTestNGCucumberTests.runScenario(io.cucumber.testng.PickleWrapper,io.cucumber.testng.FeatureWrapper)[pri:0, instance:com.library.cucumberOptions.TestRunner@fa4c865]" name="runScenario" class="io.cucumber.testng.AbstractTestNGCucumberTests"/>
      </group> <!-- cucumber -->
    </groups>
    <test started-at="2025-05-15T07:48:16 IST" name="Default test" finished-at="2025-05-15T07:48:21 IST" duration-ms="4943">
      <class name="com.library.cucumberOptions.TestRunner">
        <test-method is-config="true" signature="setUpClass(org.testng.ITestContext)[pri:0, instance:com.library.cucumberOptions.TestRunner@fa4c865]" started-at="2025-05-15T07:48:16 IST" name="setUpClass" finished-at="2025-05-15T07:48:17 IST" duration-ms="604" status="PASS">
          <params>
            <param index="0">
              <value>
                <![CDATA[org.testng.TestRunner@36deacfc]]>
              </value>
            </param>
          </params>
          <reporter-output>
          </reporter-output>
        </test-method> <!-- setUpClass -->
        <test-method signature="runScenario(io.cucumber.testng.PickleWrapper,io.cucumber.testng.FeatureWrapper)[pri:0, instance:com.library.cucumberOptions.TestRunner@fa4c865]" started-at="2025-05-15T07:48:17 IST" name="runScenario" description="Runs Cucumber Scenarios" data-provider="scenarios" finished-at="2025-05-15T07:48:19 IST" duration-ms="2051" status="PASS">
          <params>
            <param index="0">
              <value>
                <![CDATA["verify user is able to add a single book"]]>
              </value>
            </param>
            <param index="1">
              <value>
                <![CDATA["Test case regarding add Book"]]>
              </value>
            </param>
          </params>
          <reporter-output>
          </reporter-output>
        </test-method> <!-- runScenario -->
        <test-method signature="runScenario(io.cucumber.testng.PickleWrapper,io.cucumber.testng.FeatureWrapper)[pri:0, instance:com.library.cucumberOptions.TestRunner@fa4c865]" started-at="2025-05-15T07:48:19 IST" name="runScenario" description="Runs Cucumber Scenarios" data-provider="scenarios" finished-at="2025-05-15T07:48:19 IST" duration-ms="229" status="PASS">
          <params>
            <param index="0">
              <value>
                <![CDATA["Verify Book Addition using Data Parametrisation"]]>
              </value>
            </param>
            <param index="1">
              <value>
                <![CDATA["Test case regarding add Book"]]>
              </value>
            </param>
          </params>
          <reporter-output>
          </reporter-output>
        </test-method> <!-- runScenario -->
        <test-method signature="runScenario(io.cucumber.testng.PickleWrapper,io.cucumber.testng.FeatureWrapper)[pri:0, instance:com.library.cucumberOptions.TestRunner@fa4c865]" started-at="2025-05-15T07:48:19 IST" name="runScenario" description="Runs Cucumber Scenarios" data-provider="scenarios" finished-at="2025-05-15T07:48:19 IST" duration-ms="201" status="PASS">
          <params>
            <param index="0">
              <value>
                <![CDATA["Verify Book Addition using Data Parametrisation"]]>
              </value>
            </param>
            <param index="1">
              <value>
                <![CDATA["Test case regarding add Book"]]>
              </value>
            </param>
          </params>
          <reporter-output>
          </reporter-output>
        </test-method> <!-- runScenario -->
        <test-method signature="runScenario(io.cucumber.testng.PickleWrapper,io.cucumber.testng.FeatureWrapper)[pri:0, instance:com.library.cucumberOptions.TestRunner@fa4c865]" started-at="2025-05-15T07:48:19 IST" name="runScenario" description="Runs Cucumber Scenarios" data-provider="scenarios" finished-at="2025-05-15T07:48:19 IST" duration-ms="197" status="PASS">
          <params>
            <param index="0">
              <value>
                <![CDATA["Verify Book Addition using Data Parametrisation"]]>
              </value>
            </param>
            <param index="1">
              <value>
                <![CDATA["Test case regarding add Book"]]>
              </value>
            </param>
          </params>
          <reporter-output>
          </reporter-output>
        </test-method> <!-- runScenario -->
        <test-method signature="runScenario(io.cucumber.testng.PickleWrapper,io.cucumber.testng.FeatureWrapper)[pri:0, instance:com.library.cucumberOptions.TestRunner@fa4c865]" started-at="2025-05-15T07:48:19 IST" name="runScenario" description="Runs Cucumber Scenarios" data-provider="scenarios" finished-at="2025-05-15T07:48:20 IST" duration-ms="414" status="PASS">
          <params>
            <param index="0">
              <value>
                <![CDATA["verify user is able to delete book using ID"]]>
              </value>
            </param>
            <param index="1">
              <value>
                <![CDATA["Test case regarding Delete Book"]]>
              </value>
            </param>
          </params>
          <reporter-output>
          </reporter-output>
        </test-method> <!-- runScenario -->
        <test-method is-config="true" signature="tearDownClass()[pri:0, instance:com.library.cucumberOptions.TestRunner@fa4c865]" started-at="2025-05-15T07:48:20 IST" name="tearDownClass" finished-at="2025-05-15T07:48:21 IST" duration-ms="1198" status="PASS">
          <reporter-output>
          </reporter-output>
        </test-method> <!-- tearDownClass -->
      </class> <!-- com.library.cucumberOptions.TestRunner -->
    </test> <!-- Default test -->
  </suite> <!-- Default suite -->
</testng-results>
